# JRE version: Java(TM) SE Runtime Environment (12.0.2+10) (build 12.0.2+10)
# Java VM: Java HotSpot(TM) 64-Bit Server VM (12.0.2+10, mixed mode, sharing, tiered, compressed oops, g1 gc, windows-amd64)
Heap:
 garbage-first heap   total 262144K, used 111219K [0x00000000e0000000, 0x0000000100000000)
  region size 1024K, 51 young (52224K), 5 survivors (5120K)
 Metaspace       used 71099K, capacity 73466K, committed 73684K, reserved 319488K
  class space    used 9236K, capacity 9973K, committed 9984K, reserved 253952K
GC Heap History (10 events):
Event: 81.556 GC heap before
{Heap before GC invocations=7 (full 0):
 garbage-first heap   total 262144K, used 147114K [0x00000000e0000000, 0x0000000100000000)
  region size 1024K, 119 young (121856K), 10 survivors (10240K)
 Metaspace       used 42497K, capacity 43655K, committed 43984K, reserved 292864K
  class space    used 5794K, capacity 6157K, committed 6272K, reserved 253952K
}
Event: 81.569 GC heap after
{Heap after GC invocations=8 (full 0):
 garbage-first heap   total 262144K, used 44879K [0x00000000e0000000, 0x0000000100000000)
  region size 1024K, 15 young (15360K), 15 survivors (15360K)
 Metaspace       used 42497K, capacity 43655K, committed 43984K, reserved 292864K
  class space    used 5794K, capacity 6157K, committed 6272K, reserved 253952K
}
Event: 106.070 GC heap before
{Heap before GC invocations=8 (full 0):
 garbage-first heap   total 262144K, used 157519K [0x00000000e0000000, 0x0000000100000000)
  region size 1024K, 125 young (128000K), 15 survivors (15360K)
 Metaspace       used 50328K, capacity 51705K, committed 51920K, reserved 299008K
  class space    used 6767K, capacity 7169K, committed 7296K, reserved 253952K
}
Event: 106.090 GC heap after
{Heap after GC invocations=9 (full 0):
 garbage-first heap   total 262144K, used 53132K [0x00000000e0000000, 0x0000000100000000)
  region size 1024K, 8 young (8192K), 8 survivors (8192K)
 Metaspace       used 50328K, capacity 51705K, committed 51920K, reserved 299008K
  class space    used 6767K, capacity 7169K, committed 7296K, reserved 253952K
}
Event: 107.237 GC heap before
{Heap before GC invocations=9 (full 0):
 garbage-first heap   total 262144K, used 91020K [0x00000000e0000000, 0x0000000100000000)
  region size 1024K, 46 young (47104K), 8 survivors (8192K)
 Metaspace       used 58370K, capacity 60112K, committed 60240K, reserved 307200K
  class space    used 7812K, capacity 8321K, committed 8448K, reserved 253952K
}
Event: 107.249 GC heap after
{Heap after GC invocations=10 (full 0):
 garbage-first heap   total 262144K, used 57109K [0x00000000e0000000, 0x0000000100000000)
  region size 1024K, 12 young (12288K), 12 survivors (12288K)
 Metaspace       used 58370K, capacity 60112K, committed 60240K, reserved 307200K
  class space    used 7812K, capacity 8321K, committed 8448K, reserved 253952K
}
Event: 206.087 GC heap before
{Heap before GC invocations=11 (full 0):
 garbage-first heap   total 262144K, used 171797K [0x00000000e0000000, 0x0000000100000000)
  region size 1024K, 125 young (128000K), 12 survivors (12288K)
 Metaspace       used 65209K, capacity 67464K, committed 67668K, reserved 313344K
  class space    used 8639K, capacity 9314K, committed 9344K, reserved 253952K
}
Event: 206.120 GC heap after
{Heap after GC invocations=12 (full 0):
 garbage-first heap   total 262144K, used 64173K [0x00000000e0000000, 0x0000000100000000)
  region size 1024K, 12 young (12288K), 12 survivors (12288K)
 Metaspace       used 65209K, capacity 67464K, committed 67668K, reserved 313344K
  class space    used 8639K, capacity 9314K, committed 9344K, reserved 253952K
}
Event: 292.828 GC heap before
{Heap before GC invocations=13 (full 0):
 garbage-first heap   total 262144K, used 179885K [0x00000000e0000000, 0x0000000100000000)
  region size 1024K, 126 young (129024K), 12 survivors (12288K)
 Metaspace       used 70479K, capacity 72816K, committed 72916K, reserved 317440K
  class space    used 9186K, capacity 9918K, committed 9984K, reserved 253952K
}
Event: 292.837 GC heap after
{Heap after GC invocations=14 (full 0):
 garbage-first heap   total 262144K, used 66163K [0x00000000e0000000, 0x0000000100000000)
  region size 1024K, 5 young (5120K), 5 survivors (5120K)
 Metaspace       used 70479K, capacity 72816K, committed 72916K, reserved 317440K
  class space    used 9186K, capacity 9918K, committed 9984K, reserved 253952K
}

